12:52:53    0 ****************************************************
12:52:53    0 ** Dragonfly version 4.1 **
12:53:20  666 SceneGraph::updateSolidness(): unable to remove solid object (Object)
12:53:20  666 SceneGraph::updateAltitude(): remove from old altitude (2) failed!
12:53:20  666 SceneGraph::updateSolidness(): unable to remove solid object (Explosion)
12:53:20  666 SceneGraph::updateSolidness(): unable to remove solid object (Explosion)
12:53:20  666 SceneGraph::updateSolidness(): unable to remove solid object (Explosion)
12:53:20  666 SceneGraph::updateSolidness(): unable to remove solid object (Explosion)
12:53:20  666 SceneGraph::updateSolidness(): unable to remove solid object (Explosion)
12:53:20  666 SceneGraph::updateSolidness(): unable to remove solid object (Explosion)
12:53:20  666 SceneGraph::updateSolidness(): unable to remove solid object (Explosion)
12:53:20  666 SceneGraph::updateSolidness(): unable to remove solid object (Explosion)
12:53:20  666 SceneGraph::updateSolidness(): unable to remove solid object (Explosion)
12:53:20  666 SceneGraph::updateSolidness(): unable to remove solid object (Explosion)
12:53:20  666 SceneGraph::updateSolidness(): unable to remove solid object (Explosion)
12:53:20  666 SceneGraph::updateSolidness(): unable to remove solid object (Explosion)
12:53:20  666 SceneGraph::updateSolidness(): unable to remove solid object (Explosion)
12:53:20  666 SceneGraph::updateSolidness(): unable to remove solid object (Explosion)
12:53:20  666 SceneGraph::updateSolidness(): unable to remove solid object (Explosion)
12:53:20  666 SceneGraph::updateSolidness(): unable to remove solid object (Explosion)
12:53:20  666 SceneGraph::updateSolidness(): unable to remove solid object (Object)
12:53:20  666 SceneGraph::updateAltitude(): remove from old altitude (2) failed!
12:53:20  666 SceneGraph::updateSolidness(): unable to remove solid object (Explosion)
12:53:20  666 SceneGraph::updateSolidness(): unable to remove solid object (Explosion)
12:53:20  666 SceneGraph::updateSolidness(): unable to remove solid object (Explosion)
12:53:20  666 SceneGraph::updateSolidness(): unable to remove solid object (Explosion)
12:53:20  666 SceneGraph::updateSolidness(): unable to remove solid object (Explosion)
12:53:20  666 SceneGraph::updateSolidness(): unable to remove solid object (Explosion)
12:53:20  666 SceneGraph::updateSolidness(): unable to remove solid object (Explosion)
12:53:20  666 SceneGraph::updateSolidness(): unable to remove solid object (Explosion)
12:53:20  666 SceneGraph::updateSolidness(): unable to remove solid object (Explosion)
12:53:20  666 SceneGraph::updateSolidness(): unable to remove solid object (Explosion)
12:53:20  666 SceneGraph::updateSolidness(): unable to remove solid object (Explosion)
12:53:20  666 SceneGraph::updateSolidness(): unable to remove solid object (Explosion)
12:53:20  666 SceneGraph::updateSolidness(): unable to remove solid object (Explosion)
12:53:20  666 SceneGraph::updateSolidness(): unable to remove solid object (Explosion)
12:53:20  666 SceneGraph::updateSolidness(): unable to remove solid object (Explosion)
12:53:20  666 SceneGraph::updateSolidness(): unable to remove solid object (Explosion)
12:53:20  666 ** Game stopped **
12:53:20  666 ****************************************************
